This is pdfTeX, Version 3.14159265-2.6-1.40.17 (TeX Live 2016/Debian) (preloaded format=pdflatex 2018.4.27)  16 MAY 2018 22:03
entering extended mode
 restricted \write18 enabled.
 %&-line parsing enabled.
**Main.tex
(./Main.tex
LaTeX2e <2017/01/01> patch level 3
Babel <3.9r> and hyphenation patterns for 83 language(s) loaded.
(/usr/share/texlive/texmf-dist/tex/latex/base/article.cls
Document Class: article 2014/09/29 v1.4h Standard LaTeX document class
(/usr/share/texlive/texmf-dist/tex/latex/base/size12.clo
File: size12.clo 2014/09/29 v1.4h Standard LaTeX file (size option)
)
\c@part=\count79
\c@section=\count80
\c@subsection=\count81
\c@subsubsection=\count82
\c@paragraph=\count83
\c@subparagraph=\count84
\c@figure=\count85
\c@table=\count86
\abovecaptionskip=\skip41
\belowcaptionskip=\skip42
\bibindent=\dimen102
)
(/usr/share/texlive/texmf-dist/tex/generic/babel/babel.sty
Package: babel 2016/04/23 3.9r The Babel package

(/usr/share/texlive/texmf-dist/tex/generic/babel-portuges/portuges.ldf
Language: portuges 2008/03/18 v1.2q Portuguese support from the babel system

(/usr/share/texlive/texmf-dist/tex/generic/babel/babel.def
File: babel.def 2016/04/23 3.9r Babel common definitions
\babel@savecnt=\count87
\U@D=\dimen103
)
\l@brazilian = a dialect from \language\l@portuges 
Package babel Info: Making " an active character on input line 145.
))
(/usr/share/texlive/texmf-dist/tex/latex/base/inputenc.sty
Package: inputenc 2015/03/17 v1.2c Input encoding file
\inpenc@prehook=\toks14
\inpenc@posthook=\toks15

(/usr/share/texlive/texmf-dist/tex/latex/base/utf8.def
File: utf8.def 2017/01/28 v1.1t UTF-8 support for inputenc
Now handling font encoding OML ...
... no UTF-8 mapping file for font encoding OML
Now handling font encoding T1 ...
... processing UTF-8 mapping file for font encoding T1

(/usr/share/texlive/texmf-dist/tex/latex/base/t1enc.dfu
File: t1enc.dfu 2017/01/28 v1.1t UTF-8 support for inputenc
   defining Unicode char U+00A0 (decimal 160)
   defining Unicode char U+00A1 (decimal 161)
   defining Unicode char U+00A3 (decimal 163)
   defining Unicode char U+00AB (decimal 171)
   defining Unicode char U+00AD (decimal 173)
   defining Unicode char U+00BB (decimal 187)
   defining Unicode char U+00BF (decimal 191)
   defining Unicode char U+00C0 (decimal 192)
   defining Unicode char U+00C1 (decimal 193)
   defining Unicode char U+00C2 (decimal 194)
   defining Unicode char U+00C3 (decimal 195)
   defining Unicode char U+00C4 (decimal 196)
   defining Unicode char U+00C5 (decimal 197)
   defining Unicode char U+00C6 (decimal 198)
   defining Unicode char U+00C7 (decimal 199)
   defining Unicode char U+00C8 (decimal 200)
   defining Unicode char U+00C9 (decimal 201)
   defining Unicode char U+00CA (decimal 202)
   defining Unicode char U+00CB (decimal 203)
   defining Unicode char U+00CC (decimal 204)
   defining Unicode char U+00CD (decimal 205)
   defining Unicode char U+00CE (decimal 206)
   defining Unicode char U+00CF (decimal 207)
   defining Unicode char U+00D0 (decimal 208)
   defining Unicode char U+00D1 (decimal 209)
   defining Unicode char U+00D2 (decimal 210)
   defining Unicode char U+00D3 (decimal 211)
   defining Unicode char U+00D4 (decimal 212)
   defining Unicode char U+00D5 (decimal 213)
   defining Unicode char U+00D6 (decimal 214)
   defining Unicode char U+00D8 (decimal 216)
   defining Unicode char U+00D9 (decimal 217)
   defining Unicode char U+00DA (decimal 218)
   defining Unicode char U+00DB (decimal 219)
   defining Unicode char U+00DC (decimal 220)
   defining Unicode char U+00DD (decimal 221)
   defining Unicode char U+00DE (decimal 222)
   defining Unicode char U+00DF (decimal 223)
   defining Unicode char U+00E0 (decimal 224)
   defining Unicode char U+00E1 (decimal 225)
   defining Unicode char U+00E2 (decimal 226)
   defining Unicode char U+00E3 (decimal 227)
   defining Unicode char U+00E4 (decimal 228)
   defining Unicode char U+00E5 (decimal 229)
   defining Unicode char U+00E6 (decimal 230)
   defining Unicode char U+00E7 (decimal 231)
   defining Unicode char U+00E8 (decimal 232)
   defining Unicode char U+00E9 (decimal 233)
   defining Unicode char U+00EA (decimal 234)
   defining Unicode char U+00EB (decimal 235)
   defining Unicode char U+00EC (decimal 236)
   defining Unicode char U+00ED (decimal 237)
   defining Unicode char U+00EE (decimal 238)
   defining Unicode char U+00EF (decimal 239)
   defining Unicode char U+00F0 (decimal 240)
   defining Unicode char U+00F1 (decimal 241)
   defining Unicode char U+00F2 (decimal 242)
   defining Unicode char U+00F3 (decimal 243)
   defining Unicode char U+00F4 (decimal 244)
   defining Unicode char U+00F5 (decimal 245)
   defining Unicode char U+00F6 (decimal 246)
   defining Unicode char U+00F8 (decimal 248)
   defining Unicode char U+00F9 (decimal 249)
   defining Unicode char U+00FA (decimal 250)
   defining Unicode char U+00FB (decimal 251)
   defining Unicode char U+00FC (decimal 252)
   defining Unicode char U+00FD (decimal 253)
   defining Unicode char U+00FE (decimal 254)
   defining Unicode char U+00FF (decimal 255)
   defining Unicode char U+0100 (decimal 256)
   defining Unicode char U+0101 (decimal 257)
   defining Unicode char U+0102 (decimal 258)
   defining Unicode char U+0103 (decimal 259)
   defining Unicode char U+0104 (decimal 260)
   defining Unicode char U+0105 (decimal 261)
   defining Unicode char U+0106 (decimal 262)
   defining Unicode char U+0107 (decimal 263)
   defining Unicode char U+0108 (decimal 264)
   defining Unicode char U+0109 (decimal 265)
   defining Unicode char U+010A (decimal 266)
   defining Unicode char U+010B (decimal 267)
   defining Unicode char U+010C (decimal 268)
   defining Unicode char U+010D (decimal 269)
   defining Unicode char U+010E (decimal 270)
   defining Unicode char U+010F (decimal 271)
   defining Unicode char U+0110 (decimal 272)
   defining Unicode char U+0111 (decimal 273)
   defining Unicode char U+0112 (decimal 274)
   defining Unicode char U+0113 (decimal 275)
   defining Unicode char U+0114 (decimal 276)
   defining Unicode char U+0115 (decimal 277)
   defining Unicode char U+0116 (decimal 278)
   defining Unicode char U+0117 (decimal 279)
   defining Unicode char U+0118 (decimal 280)
   defining Unicode char U+0119 (decimal 281)
   defining Unicode char U+011A (decimal 282)
   defining Unicode char U+011B (decimal 283)
   defining Unicode char U+011C (decimal 284)
   defining Unicode char U+011D (decimal 285)
   defining Unicode char U+011E (decimal 286)
   defining Unicode char U+011F (decimal 287)
   defining Unicode char U+0120 (decimal 288)
   defining Unicode char U+0121 (decimal 289)
   defining Unicode char U+0122 (decimal 290)
   defining Unicode char U+0123 (decimal 291)
   defining Unicode char U+0124 (decimal 292)
   defining Unicode char U+0125 (decimal 293)
   defining Unicode char U+0128 (decimal 296)
   defining Unicode char U+0129 (decimal 297)
   defining Unicode char U+012A (decimal 298)
   defining Unicode char U+012B (decimal 299)
   defining Unicode char U+012C (decimal 300)
   defining Unicode char U+012D (decimal 301)
   defining Unicode char U+012E (decimal 302)
   defining Unicode char U+012F (decimal 303)
   defining Unicode char U+0130 (decimal 304)
   defining Unicode char U+0131 (decimal 305)
   defining Unicode char U+0132 (decimal 306)
   defining Unicode char U+0133 (decimal 307)
   defining Unicode char U+0134 (decimal 308)
   defining Unicode char U+0135 (decimal 309)
   defining Unicode char U+0136 (decimal 310)
   defining Unicode char U+0137 (decimal 311)
   defining Unicode char U+0139 (decimal 313)
   defining Unicode char U+013A (decimal 314)
   defining Unicode char U+013B (decimal 315)
   defining Unicode char U+013C (decimal 316)
   defining Unicode char U+013D (decimal 317)
   defining Unicode char U+013E (decimal 318)
   defining Unicode char U+0141 (decimal 321)
   defining Unicode char U+0142 (decimal 322)
   defining Unicode char U+0143 (decimal 323)
   defining Unicode char U+0144 (decimal 324)
   defining Unicode char U+0145 (decimal 325)
   defining Unicode char U+0146 (decimal 326)
   defining Unicode char U+0147 (decimal 327)
   defining Unicode char U+0148 (decimal 328)
   defining Unicode char U+014A (decimal 330)
   defining Unicode char U+014B (decimal 331)
   defining Unicode char U+014C (decimal 332)
   defining Unicode char U+014D (decimal 333)
   defining Unicode char U+014E (decimal 334)
   defining Unicode char U+014F (decimal 335)
   defining Unicode char U+0150 (decimal 336)
   defining Unicode char U+0151 (decimal 337)
   defining Unicode char U+0152 (decimal 338)
   defining Unicode char U+0153 (decimal 339)
   defining Unicode char U+0154 (decimal 340)
   defining Unicode char U+0155 (decimal 341)
   defining Unicode char U+0156 (decimal 342)
   defining Unicode char U+0157 (decimal 343)
   defining Unicode char U+0158 (decimal 344)
   defining Unicode char U+0159 (decimal 345)
   defining Unicode char U+015A (decimal 346)
   defining Unicode char U+015B (decimal 347)
   defining Unicode char U+015C (decimal 348)
   defining Unicode char U+015D (decimal 349)
   defining Unicode char U+015E (decimal 350)
   defining Unicode char U+015F (decimal 351)
   defining Unicode char U+0160 (decimal 352)
   defining Unicode char U+0161 (decimal 353)
   defining Unicode char U+0162 (decimal 354)
   defining Unicode char U+0163 (decimal 355)
   defining Unicode char U+0164 (decimal 356)
   defining Unicode char U+0165 (decimal 357)
   defining Unicode char U+0168 (decimal 360)
   defining Unicode char U+0169 (decimal 361)
   defining Unicode char U+016A (decimal 362)
   defining Unicode char U+016B (decimal 363)
   defining Unicode char U+016C (decimal 364)
   defining Unicode char U+016D (decimal 365)
   defining Unicode char U+016E (decimal 366)
   defining Unicode char U+016F (decimal 367)
   defining Unicode char U+0170 (decimal 368)
   defining Unicode char U+0171 (decimal 369)
   defining Unicode char U+0172 (decimal 370)
   defining Unicode char U+0173 (decimal 371)
   defining Unicode char U+0174 (decimal 372)
   defining Unicode char U+0175 (decimal 373)
   defining Unicode char U+0176 (decimal 374)
   defining Unicode char U+0177 (decimal 375)
   defining Unicode char U+0178 (decimal 376)
   defining Unicode char U+0179 (decimal 377)
   defining Unicode char U+017A (decimal 378)
   defining Unicode char U+017B (decimal 379)
   defining Unicode char U+017C (decimal 380)
   defining Unicode char U+017D (decimal 381)
   defining Unicode char U+017E (decimal 382)
   defining Unicode char U+01CD (decimal 461)
   defining Unicode char U+01CE (decimal 462)
   defining Unicode char U+01CF (decimal 463)
   defining Unicode char U+01D0 (decimal 464)
   defining Unicode char U+01D1 (decimal 465)
   defining Unicode char U+01D2 (decimal 466)
   defining Unicode char U+01D3 (decimal 467)
   defining Unicode char U+01D4 (decimal 468)
   defining Unicode char U+01E2 (decimal 482)
   defining Unicode char U+01E3 (decimal 483)
   defining Unicode char U+01E6 (decimal 486)
   defining Unicode char U+01E7 (decimal 487)
   defining Unicode char U+01E8 (decimal 488)
   defining Unicode char U+01E9 (decimal 489)
   defining Unicode char U+01EA (decimal 490)
   defining Unicode char U+01EB (decimal 491)
   defining Unicode char U+01F0 (decimal 496)
   defining Unicode char U+01F4 (decimal 500)
   defining Unicode char U+01F5 (decimal 501)
   defining Unicode char U+0218 (decimal 536)
   defining Unicode char U+0219 (decimal 537)
   defining Unicode char U+021A (decimal 538)
   defining Unicode char U+021B (decimal 539)
   defining Unicode char U+0232 (decimal 562)
   defining Unicode char U+0233 (decimal 563)
   defining Unicode char U+1E02 (decimal 7682)
   defining Unicode char U+1E03 (decimal 7683)
   defining Unicode char U+200C (decimal 8204)
   defining Unicode char U+2010 (decimal 8208)
   defining Unicode char U+2011 (decimal 8209)
   defining Unicode char U+2012 (decimal 8210)
   defining Unicode char U+2013 (decimal 8211)
   defining Unicode char U+2014 (decimal 8212)
   defining Unicode char U+2015 (decimal 8213)
   defining Unicode char U+2018 (decimal 8216)
   defining Unicode char U+2019 (decimal 8217)
   defining Unicode char U+201A (decimal 8218)
   defining Unicode char U+201C (decimal 8220)
   defining Unicode char U+201D (decimal 8221)
   defining Unicode char U+201E (decimal 8222)
   defining Unicode char U+2030 (decimal 8240)
   defining Unicode char U+2031 (decimal 8241)
   defining Unicode char U+2039 (decimal 8249)
   defining Unicode char U+203A (decimal 8250)
   defining Unicode char U+2423 (decimal 9251)
   defining Unicode char U+1E20 (decimal 7712)
   defining Unicode char U+1E21 (decimal 7713)
)
Now handling font encoding OT1 ...
... processing UTF-8 mapping file for font encoding OT1

(/usr/share/texlive/texmf-dist/tex/latex/base/ot1enc.dfu
File: ot1enc.dfu 2017/01/28 v1.1t UTF-8 support for inputenc
   defining Unicode char U+00A0 (decimal 160)
   defining Unicode char U+00A1 (decimal 161)
   defining Unicode char U+00A3 (decimal 163)
   defining Unicode char U+00AD (decimal 173)
   defining Unicode char U+00B8 (decimal 184)
   defining Unicode char U+00BF (decimal 191)
   defining Unicode char U+00C5 (decimal 197)
   defining Unicode char U+00C6 (decimal 198)
   defining Unicode char U+00D8 (decimal 216)
   defining Unicode char U+00DF (decimal 223)
   defining Unicode char U+00E6 (decimal 230)
   defining Unicode char U+00EC (decimal 236)
   defining Unicode char U+00ED (decimal 237)
   defining Unicode char U+00EE (decimal 238)
   defining Unicode char U+00EF (decimal 239)
   defining Unicode char U+00F8 (decimal 248)
   defining Unicode char U+0131 (decimal 305)
   defining Unicode char U+0141 (decimal 321)
   defining Unicode char U+0142 (decimal 322)
   defining Unicode char U+0152 (decimal 338)
   defining Unicode char U+0153 (decimal 339)
   defining Unicode char U+0174 (decimal 372)
   defining Unicode char U+0175 (decimal 373)
   defining Unicode char U+0176 (decimal 374)
   defining Unicode char U+0177 (decimal 375)
   defining Unicode char U+0218 (decimal 536)
   defining Unicode char U+0219 (decimal 537)
   defining Unicode char U+021A (decimal 538)
   defining Unicode char U+021B (decimal 539)
   defining Unicode char U+2013 (decimal 8211)
   defining Unicode char U+2014 (decimal 8212)
   defining Unicode char U+2018 (decimal 8216)
   defining Unicode char U+2019 (decimal 8217)
   defining Unicode char U+201C (decimal 8220)
   defining Unicode char U+201D (decimal 8221)
)
Now handling font encoding OMS ...
... processing UTF-8 mapping file for font encoding OMS

(/usr/share/texlive/texmf-dist/tex/latex/base/omsenc.dfu
File: omsenc.dfu 2017/01/28 v1.1t UTF-8 support for inputenc
   defining Unicode char U+00A7 (decimal 167)
   defining Unicode char U+00B6 (decimal 182)
   defining Unicode char U+00B7 (decimal 183)
   defining Unicode char U+2020 (decimal 8224)
   defining Unicode char U+2021 (decimal 8225)
   defining Unicode char U+2022 (decimal 8226)
)
Now handling font encoding OMX ...
... no UTF-8 mapping file for font encoding OMX
Now handling font encoding U ...
... no UTF-8 mapping file for font encoding U
   defining Unicode char U+00A9 (decimal 169)
   defining Unicode char U+00AA (decimal 170)
   defining Unicode char U+00AE (decimal 174)
   defining Unicode char U+00BA (decimal 186)
   defining Unicode char U+02C6 (decimal 710)
   defining Unicode char U+02DC (decimal 732)
   defining Unicode char U+200C (decimal 8204)
   defining Unicode char U+2026 (decimal 8230)
   defining Unicode char U+2122 (decimal 8482)
   defining Unicode char U+2423 (decimal 9251)
))
(/usr/share/texlive/texmf-dist/tex/latex/lipsum/lipsum.sty
Package: lipsum 2014/07/27 v1.3 150 paragraphs of Lorem Ipsum dummy text
\c@lips@count=\count88
)
(/usr/share/texlive/texmf-dist/tex/latex/graphics/graphicx.sty
Package: graphicx 2014/10/28 v1.0g Enhanced LaTeX Graphics (DPC,SPQR)

(/usr/share/texlive/texmf-dist/tex/latex/graphics/keyval.sty
Package: keyval 2014/10/28 v1.15 key=value parser (DPC)
\KV@toks@=\toks16
)
(/usr/share/texlive/texmf-dist/tex/latex/graphics/graphics.sty
Package: graphics 2016/10/09 v1.0u Standard LaTeX Graphics (DPC,SPQR)

(/usr/share/texlive/texmf-dist/tex/latex/graphics/trig.sty
Package: trig 2016/01/03 v1.10 sin cos tan (DPC)
)
(/usr/share/texlive/texmf-dist/tex/latex/graphics-cfg/graphics.cfg
File: graphics.cfg 2016/06/04 v1.11 sample graphics configuration
)
Package graphics Info: Driver file: pdftex.def on input line 99.

(/usr/share/texlive/texmf-dist/tex/latex/graphics-def/pdftex.def
File: pdftex.def 2017/01/12 v0.06k Graphics/color for pdfTeX

(/usr/share/texlive/texmf-dist/tex/generic/oberdiek/infwarerr.sty
Package: infwarerr 2016/05/16 v1.4 Providing info/warning/error messages (HO)
)
(/usr/share/texlive/texmf-dist/tex/generic/oberdiek/ltxcmds.sty
Package: ltxcmds 2016/05/16 v1.23 LaTeX kernel commands for general use (HO)
)
\Gread@gobject=\count89
))
\Gin@req@height=\dimen104
\Gin@req@width=\dimen105
)
(/usr/share/texlive/texmf-dist/tex/latex/base/makeidx.sty
Package: makeidx 2014/09/29 v1.0m Standard LaTeX package
)
(/usr/share/texlive/texmf-dist/tex/latex/hyperref/hyperref.sty
Package: hyperref 2016/06/24 v6.83q Hypertext links for LaTeX

(/usr/share/texlive/texmf-dist/tex/generic/oberdiek/hobsub-hyperref.sty
Package: hobsub-hyperref 2016/05/16 v1.14 Bundle oberdiek, subset hyperref (HO)


(/usr/share/texlive/texmf-dist/tex/generic/oberdiek/hobsub-generic.sty
Package: hobsub-generic 2016/05/16 v1.14 Bundle oberdiek, subset generic (HO)
Package: hobsub 2016/05/16 v1.14 Construct package bundles (HO)
Package hobsub Info: Skipping package `infwarerr' (already loaded).
Package hobsub Info: Skipping package `ltxcmds' (already loaded).
Package: ifluatex 2016/05/16 v1.4 Provides the ifluatex switch (HO)
Package ifluatex Info: LuaTeX not detected.
Package: ifvtex 2016/05/16 v1.6 Detect VTeX and its facilities (HO)
Package ifvtex Info: VTeX not detected.
Package: intcalc 2016/05/16 v1.2 Expandable calculations with integers (HO)
Package: ifpdf 2016/05/14 v3.1 Provides the ifpdf switch
Package: etexcmds 2016/05/16 v1.6 Avoid name clashes with e-TeX commands (HO)
Package etexcmds Info: Could not find \expanded.
(etexcmds)             That can mean that you are not using pdfTeX 1.50 or
(etexcmds)             that some package has redefined \expanded.
(etexcmds)             In the latter case, load this package earlier.
Package: kvsetkeys 2016/05/16 v1.17 Key value parser (HO)
Package: kvdefinekeys 2016/05/16 v1.4 Define keys (HO)
Package: pdftexcmds 2016/05/21 v0.22 Utility functions of pdfTeX for LuaTeX (HO
)
Package pdftexcmds Info: LuaTeX not detected.
Package pdftexcmds Info: \pdf@primitive is available.
Package pdftexcmds Info: \pdf@ifprimitive is available.
Package pdftexcmds Info: \pdfdraftmode found.
Package: pdfescape 2016/05/16 v1.14 Implements pdfTeX's escape features (HO)
Package: bigintcalc 2016/05/16 v1.4 Expandable calculations on big integers (HO
)
Package: bitset 2016/05/16 v1.2 Handle bit-vector datatype (HO)
Package: uniquecounter 2016/05/16 v1.3 Provide unlimited unique counter (HO)
)
Package hobsub Info: Skipping package `hobsub' (already loaded).
Package: letltxmacro 2016/05/16 v1.5 Let assignment for LaTeX macros (HO)
Package: hopatch 2016/05/16 v1.3 Wrapper for package hooks (HO)
Package: xcolor-patch 2016/05/16 xcolor patch
Package: atveryend 2016/05/16 v1.9 Hooks at the very end of document (HO)
Package atveryend Info: \enddocument detected (standard20110627).
Package: atbegshi 2016/06/09 v1.18 At begin shipout hook (HO)
Package: refcount 2016/05/16 v3.5 Data extraction from label references (HO)
Package: hycolor 2016/05/16 v1.8 Color options for hyperref/bookmark (HO)
)
(/usr/share/texlive/texmf-dist/tex/generic/ifxetex/ifxetex.sty
Package: ifxetex 2010/09/12 v0.6 Provides ifxetex conditional
)
(/usr/share/texlive/texmf-dist/tex/latex/oberdiek/auxhook.sty
Package: auxhook 2016/05/16 v1.4 Hooks for auxiliary files (HO)
)
(/usr/share/texlive/texmf-dist/tex/latex/oberdiek/kvoptions.sty
Package: kvoptions 2016/05/16 v3.12 Key value format for package options (HO)
)
\@linkdim=\dimen106
\Hy@linkcounter=\count90
\Hy@pagecounter=\count91

(/usr/share/texlive/texmf-dist/tex/latex/hyperref/pd1enc.def
File: pd1enc.def 2016/06/24 v6.83q Hyperref: PDFDocEncoding definition (HO)
Now handling font encoding PD1 ...
... no UTF-8 mapping file for font encoding PD1
)
\Hy@SavedSpaceFactor=\count92

(/usr/share/texlive/texmf-dist/tex/latex/latexconfig/hyperref.cfg
File: hyperref.cfg 2002/06/06 v1.2 hyperref configuration of TeXLive
)
Package hyperref Info: Hyper figures OFF on input line 4486.
Package hyperref Info: Link nesting OFF on input line 4491.
Package hyperref Info: Hyper index ON on input line 4494.
Package hyperref Info: Plain pages OFF on input line 4501.
Package hyperref Info: Backreferencing OFF on input line 4506.
Package hyperref Info: Implicit mode ON; LaTeX internals redefined.
Package hyperref Info: Bookmarks ON on input line 4735.
\c@Hy@tempcnt=\count93

(/usr/share/texlive/texmf-dist/tex/latex/url/url.sty
\Urlmuskip=\muskip10
Package: url 2013/09/16  ver 3.4  Verb mode for urls, etc.
)
LaTeX Info: Redefining \url on input line 5088.
\XeTeXLinkMargin=\dimen107
\Fld@menulength=\count94
\Field@Width=\dimen108
\Fld@charsize=\dimen109
Package hyperref Info: Hyper figures OFF on input line 6342.
Package hyperref Info: Link nesting OFF on input line 6347.
Package hyperref Info: Hyper index ON on input line 6350.
Package hyperref Info: backreferencing OFF on input line 6357.
Package hyperref Info: Link coloring OFF on input line 6362.
Package hyperref Info: Link coloring with OCG OFF on input line 6367.
Package hyperref Info: PDF/A mode OFF on input line 6372.
LaTeX Info: Redefining \ref on input line 6412.
LaTeX Info: Redefining \pageref on input line 6416.
\Hy@abspage=\count95
\c@Item=\count96
\c@Hfootnote=\count97
)

Package hyperref Message: Driver: hpdftex.

(/usr/share/texlive/texmf-dist/tex/latex/hyperref/hpdftex.def
File: hpdftex.def 2016/06/24 v6.83q Hyperref driver for pdfTeX
\Fld@listcount=\count98
\c@bookmark@seq@number=\count99

(/usr/share/texlive/texmf-dist/tex/latex/oberdiek/rerunfilecheck.sty
Package: rerunfilecheck 2016/05/16 v1.8 Rerun checks for auxiliary files (HO)
Package uniquecounter Info: New unique counter `rerunfilecheck' on input line 2
82.
)
\Hy@SectionHShift=\skip43
)
\@indexfile=\write3
\openout3 = `Main.idx'.


Writing index file Main.idx
(./Main.aux (./cap1/Amostragem.aux)
(./cap2/MedidasCentralidadeVariabilidade.aux))
\openout1 = `Main.aux'.

LaTeX Font Info:    Checking defaults for OML/cmm/m/it on input line 11.
LaTeX Font Info:    ... okay on input line 11.
LaTeX Font Info:    Checking defaults for T1/cmr/m/n on input line 11.
LaTeX Font Info:    ... okay on input line 11.
LaTeX Font Info:    Checking defaults for OT1/cmr/m/n on input line 11.
LaTeX Font Info:    ... okay on input line 11.
LaTeX Font Info:    Checking defaults for OMS/cmsy/m/n on input line 11.
LaTeX Font Info:    ... okay on input line 11.
LaTeX Font Info:    Checking defaults for OMX/cmex/m/n on input line 11.
LaTeX Font Info:    ... okay on input line 11.
LaTeX Font Info:    Checking defaults for U/cmr/m/n on input line 11.
LaTeX Font Info:    ... okay on input line 11.
LaTeX Font Info:    Checking defaults for PD1/pdf/m/n on input line 11.
LaTeX Font Info:    ... okay on input line 11.

(/usr/share/texlive/texmf-dist/tex/context/base/mkii/supp-pdf.mkii
[Loading MPS to PDF converter (version 2006.09.02).]
\scratchcounter=\count100
\scratchdimen=\dimen110
\scratchbox=\box26
\nofMPsegments=\count101
\nofMParguments=\count102
\everyMPshowfont=\toks17
\MPscratchCnt=\count103
\MPscratchDim=\dimen111
\MPnumerator=\count104
\makeMPintoPDFobject=\count105
\everyMPtoPDFconversion=\toks18
) (/usr/share/texlive/texmf-dist/tex/latex/oberdiek/epstopdf-base.sty
Package: epstopdf-base 2016/05/15 v2.6 Base part for package epstopdf

(/usr/share/texlive/texmf-dist/tex/latex/oberdiek/grfext.sty
Package: grfext 2016/05/16 v1.2 Manage graphics extensions (HO)
)
Package epstopdf-base Info: Redefining graphics rule for `.eps' on input line 4
38.
Package grfext Info: Graphics extension search list:
(grfext)             [.png,.pdf,.jpg,.mps,.jpeg,.jbig2,.jb2,.PNG,.PDF,.JPG,.JPE
G,.JBIG2,.JB2,.eps]
(grfext)             \AppendGraphicsExtensions on input line 456.

(/usr/share/texlive/texmf-dist/tex/latex/latexconfig/epstopdf-sys.cfg
File: epstopdf-sys.cfg 2010/07/13 v1.3 Configuration of (r)epstopdf for TeX Liv
e
))
\AtBeginShipoutBox=\box27
Package hyperref Info: Link coloring OFF on input line 11.

(/usr/share/texlive/texmf-dist/tex/latex/hyperref/nameref.sty
Package: nameref 2016/05/21 v2.44 Cross-referencing by name of section

(/usr/share/texlive/texmf-dist/tex/generic/oberdiek/gettitlestring.sty
Package: gettitlestring 2016/05/16 v1.5 Cleanup title references (HO)
)
\c@section@level=\count106
)
LaTeX Info: Redefining \ref on input line 11.
LaTeX Info: Redefining \pageref on input line 11.
LaTeX Info: Redefining \nameref on input line 11.

(./Main.out) (./Main.out)
\@outlinefile=\write4
\openout4 = `Main.out'.

LaTeX Font Info:    External font `cmex10' loaded for size
(Font)              <14.4> on input line 18.
LaTeX Font Info:    External font `cmex10' loaded for size
(Font)              <7> on input line 18.
Package babel Info: Redefining portuges shorthand "|
(babel)             in language  on input line 19.
Package babel Info: Redefining portuges shorthand "|
(babel)             in language  on input line 19.
 [1

{/var/lib/texmf/fonts/map/pdftex/updmap/pdftex.map}]
Package babel Info: Redefining portuges shorthand "|
(babel)             in language  on input line 21.
Package babel Info: Redefining portuges shorthand "|
(babel)             in language  on input line 24.
Package babel Info: Redefining portuges shorthand "|
(babel)             in language  on input line 24.
 [2]
Package babel Info: Redefining portuges shorthand "|
(babel)             in language  on input line 26.
Package babel Info: Redefining portuges shorthand "|
(babel)             in language  on input line 27.
Package babel Info: Redefining portuges shorthand "|
(babel)             in language  on input line 27.
 [3]
\openout2 = `cap1/Amostragem.aux'.

 (./cap1/Amostragem.tex
Package babel Info: Redefining portuges shorthand "|
(babel)             in language  on input line 4.

Underfull \hbox (badness 10000) in paragraph at lines 8--12

 []


Underfull \hbox (badness 10000) in paragraph at lines 8--12

 []


Underfull \hbox (badness 10000) in paragraph at lines 13--20

 []


Underfull \hbox (badness 10000) in paragraph at lines 13--20

 []


Underfull \hbox (badness 10000) in paragraph at lines 13--20

 []

Package babel Info: Redefining portuges shorthand "|
(babel)             in language  on input line 21.
Package babel Info: Redefining portuges shorthand "|
(babel)             in language  on input line 21.
[4

] <cap1/Amostragem/AleatoriaSimples.png, id=66, 1386.17876pt x 1072.005pt>
File: cap1/Amostragem/AleatoriaSimples.png Graphic file (type png)

<use cap1/Amostragem/AleatoriaSimples.png>
Package pdftex.def Info: cap1/Amostragem/AleatoriaSimples.png used on input lin
e 31.
(pdftex.def)             Requested size: 235.64726pt x 182.23843pt.

<cap1/Amostragem/amostragemComReposicao.png, id=68, 433.62pt x 380.92313pt>
File: cap1/Amostragem/amostragemComReposicao.png Graphic file (type png)

<use cap1/Amostragem/amostragemComReposicao.png>
Package pdftex.def Info: cap1/Amostragem/amostragemComReposicao.png used on inp
ut line 39.
(pdftex.def)             Requested size: 195.1272pt x 171.41382pt.
Package babel Info: Redefining portuges shorthand "|
(babel)             in language  on input line 41.
Package babel Info: Redefining portuges shorthand "|
(babel)             in language  on input line 41.
 [5 <./cap1/Amostragem/AleatoriaSimples.png> <./cap1/Amostragem/amostragemComRe
posicao.png>]
<cap1/Amostragem/amostragemSemReposicao.png, id=75, 462.22687pt x 389.95688pt>
File: cap1/Amostragem/amostragemSemReposicao.png Graphic file (type png)

<use cap1/Amostragem/amostragemSemReposicao.png>
Package pdftex.def Info: cap1/Amostragem/amostragemSemReposicao.png used on inp
ut line 46.
(pdftex.def)             Requested size: 208.00017pt x 175.47896pt.

<cap1/Amostragem/amostragemEstratificada.jpg, id=76, 301.125pt x 240.9pt>
File: cap1/Amostragem/amostragemEstratificada.jpg Graphic file (type jpg)

<use cap1/Amostragem/amostragemEstratificada.jpg>
Package pdftex.def Info: cap1/Amostragem/amostragemEstratificada.jpg used on in
put line 51.
(pdftex.def)             Requested size: 135.50499pt x 108.40399pt.

<cap1/Amostragem/amostragemSistematica.png, id=77, 791.20593pt x 226.59656pt>
File: cap1/Amostragem/amostragemSistematica.png Graphic file (type png)

<use cap1/Amostragem/amostragemSistematica.png>
Package pdftex.def Info: cap1/Amostragem/amostragemSistematica.png used on inpu
t line 56.
(pdftex.def)             Requested size: 356.03938pt x 101.9675pt.
Package babel Info: Redefining portuges shorthand "|
(babel)             in language  on input line 58.
Package babel Info: Redefining portuges shorthand "|
(babel)             in language  on input line 58.
 [6 <./cap1/Amostragem/amostragemSemReposicao.png> <./cap1/Amostragem/amostrage
mEstratificada.jpg> <./cap1/Amostragem/amostragemSistematica.png>]
<cap1/Amostragem/amostragemPorUnidadeMonetaria.png, id=84, 949.29657pt x 251.43
938pt>
File: cap1/Amostragem/amostragemPorUnidadeMonetaria.png Graphic file (type png)

 <use cap1/Amostragem/amostragemPorUnidadeMonetaria.png>
Package pdftex.def Info: cap1/Amostragem/amostragemPorUnidadeMonetaria.png used
 on input line 64.
(pdftex.def)             Requested size: 427.1795pt x 113.14667pt.

Overfull \hbox (37.1795pt too wide) in paragraph at lines 64--64
 [][] 
 []

Package babel Info: Redefining portuges shorthand "|
(babel)             in language  on input line 66.
Package babel Info: Redefining portuges shorthand "|
(babel)             in language  on input line 66.
[7 <./cap1/Amostragem/amostragemPorUnidadeMonetaria.png>]
Package babel Info: Redefining portuges shorthand "|
(babel)             in language  on input line 68.
Package babel Info: Redefining portuges shorthand "|
(babel)             in language  on input line 70.

Underfull \hbox (badness 10000) in paragraph at lines 72--88

 []


Underfull \hbox (badness 10000) in paragraph at lines 72--88

 []


Underfull \hbox (badness 10000) in paragraph at lines 72--88

 []


Underfull \hbox (badness 10000) in paragraph at lines 72--88

 []


Underfull \hbox (badness 10000) in paragraph at lines 72--88

 []

<cap1/Amostragem/AleatoriaSimplesR.png, id=92, 807.7678pt x 59.47218pt>
File: cap1/Amostragem/AleatoriaSimplesR.png Graphic file (type png)

<use cap1/Amostragem/AleatoriaSimplesR.png>
Package pdftex.def Info: cap1/Amostragem/AleatoriaSimplesR.png used on input li
ne 89.
(pdftex.def)             Requested size: 403.8829pt x 29.73601pt.

Overfull \hbox (13.8829pt too wide) in paragraph at lines 89--89
 [][] 
 []

Package babel Info: Redefining portuges shorthand "|
(babel)             in language  on input line 91.
Package babel Info: Redefining portuges shorthand "|
(babel)             in language  on input line 91.
[8 <./cap1/Amostragem/AleatoriaSimplesR.png>]
Underfull \hbox (badness 10000) in paragraph at lines 92--98

 []


Underfull \hbox (badness 10000) in paragraph at lines 92--98

 []


Underfull \hbox (badness 10000) in paragraph at lines 92--98

 []


<cap1/Amostragem/AleatoriaSimplesRAmostraLength.png, id=98, 197.23688pt x 70.76
437pt>
File: cap1/Amostragem/AleatoriaSimplesRAmostraLength.png Graphic file (type png
)
 <use cap1/Amostragem/AleatoriaSimplesRAmostraLength.png>
Package pdftex.def Info: cap1/Amostragem/AleatoriaSimplesRAmostraLength.png use
d on input line 100.
(pdftex.def)             Requested size: 197.23637pt x 70.76419pt.

<cap1/Amostragem/AleatoriaSimplesRAmostraSeed.png, id=99, 119.69719pt x 39.1462
6pt>
File: cap1/Amostragem/AleatoriaSimplesRAmostraSeed.png Graphic file (type png)
 <use cap1/Amostragem/AleatoriaSimplesRAmostraSeed.png>
Package pdftex.def Info: cap1/Amostragem/AleatoriaSimplesRAmostraSeed.png used 
on input line 110.
(pdftex.def)             Requested size: 119.69688pt x 39.14615pt.
Package babel Info: Redefining portuges shorthand "|
(babel)             in language  on input line 113.
Package babel Info: Redefining portuges shorthand "|
(babel)             in language  on input line 113.
 [9 <./cap1/Amostragem/AleatoriaSimplesRAmostraLength.png> <./cap1/Amostragem/A
leatoriaSimplesRAmostraSeed.png>]
Package babel Info: Redefining portuges shorthand "|
(babel)             in language  on input line 115.

<cap1/Amostragem/amostragemEstratificadaR.png, id=106, 493.845pt x 92.59593pt>
File: cap1/Amostragem/amostragemEstratificadaR.png Graphic file (type png)

<use cap1/Amostragem/amostragemEstratificadaR.png>
Package pdftex.def Info: cap1/Amostragem/amostragemEstratificadaR.png used on i
nput line 121.
(pdftex.def)             Requested size: 395.07652pt x 74.07683pt.

Overfull \hbox (5.07652pt too wide) in paragraph at lines 121--121
 [][] 
 []


Underfull \hbox (badness 10000) in paragraph at lines 123--136

 []


Underfull \hbox (badness 10000) in paragraph at lines 123--136

 []


Underfull \hbox (badness 10000) in paragraph at lines 123--136

 []


Underfull \hbox (badness 10000) in paragraph at lines 123--136

 []


<cap1/Amostragem/amostragemEstratificadaR2.png, id=108, 357.58594pt x 91.84312p
t>
File: cap1/Amostragem/amostragemEstratificadaR2.png Graphic file (type png)
 <use cap1/Amostragem/amostragemEstratificadaR2.png>
Package pdftex.def Info: cap1/Amostragem/amostragemEstratificadaR2.png used on 
input line 137.
(pdftex.def)             Requested size: 357.58505pt x 91.84288pt.
Package babel Info: Redefining portuges shorthand "|
(babel)             in language  on input line 139.
Package babel Info: Redefining portuges shorthand "|
(babel)             in language  on input line 139.
 [10 <./cap1/Amostragem/amostragemEstratificadaR.png> <./cap1/Amostragem/amostr
agemEstratificadaR2.png>]
Underfull \hbox (badness 10000) in paragraph at lines 141--143

 []


<cap1/Amostragem/amostragemEstratificadaR2Infert.png, id=115, 587.94656pt x 172
.39406pt>
File: cap1/Amostragem/amostragemEstratificadaR2Infert.png Graphic file (type pn
g)
 <use cap1/Amostragem/amostragemEstratificadaR2Infert.png>
Package pdftex.def Info: cap1/Amostragem/amostragemEstratificadaR2Infert.png us
ed on input line 144.
(pdftex.def)             Requested size: 411.55978pt x 120.675pt.

Overfull \hbox (21.55978pt too wide) in paragraph at lines 144--144
 [][] 
 []


Underfull \hbox (badness 10000) in paragraph at lines 146--151

 []


Underfull \hbox (badness 10000) in paragraph at lines 146--151

 []


<cap1/Amostragem/amostragemEstratificadaR2Infert2.png, id=116, 223.58531pt x 28
.60687pt>
File: cap1/Amostragem/amostragemEstratificadaR2Infert2.png Graphic file (type p
ng)
 <use cap1/Amostragem/amostragemEstratificadaR2Infert2.png>
Package pdftex.def Info: cap1/Amostragem/amostragemEstratificadaR2Infert2.png u
sed on input line 152.
(pdftex.def)             Requested size: 223.58475pt x 28.6068pt.

Underfull \hbox (badness 10000) in paragraph at lines 155--158

 []


<cap1/Amostragem/amostragemEstratificadaR2Infert3.png, id=117, 166.37157pt x 25
.59563pt>
File: cap1/Amostragem/amostragemEstratificadaR2Infert3.png Graphic file (type p
ng)
 <use cap1/Amostragem/amostragemEstratificadaR2Infert3.png>
Package pdftex.def Info: cap1/Amostragem/amostragemEstratificadaR2Infert3.png u
sed on input line 159.
(pdftex.def)             Requested size: 166.37114pt x 25.59555pt.

Underfull \hbox (badness 10000) in paragraph at lines 161--163

 []


<cap1/Amostragem/amostragemEstratificadaR2Infert4.png, id=118, 115.18031pt x 24
.09pt>
File: cap1/Amostragem/amostragemEstratificadaR2Infert4.png Graphic file (type p
ng)
 <use cap1/Amostragem/amostragemEstratificadaR2Infert4.png>
Package pdftex.def Info: cap1/Amostragem/amostragemEstratificadaR2Infert4.png u
sed on input line 168.
(pdftex.def)             Requested size: 115.18001pt x 24.08992pt.
Package babel Info: Redefining portuges shorthand "|
(babel)             in language  on input line 170.
Package babel Info: Redefining portuges shorthand "|
(babel)             in language  on input line 170.
 [11 <./cap1/Amostragem/amostragemEstratificadaR2Infert.png> <./cap1/Amostragem
/amostragemEstratificadaR2Infert2.png> <./cap1/Amostragem/amostragemEstratifica
daR2Infert3.png> <./cap1/Amostragem/amostragemEstratificadaR2Infert4.png>]
Underfull \hbox (badness 10000) in paragraph at lines 172--177

 []


<cap1/Amostragem/amostragemEstratificadaR2Infert5.png, id=127, 445.665pt x 102.
3825pt>
File: cap1/Amostragem/amostragemEstratificadaR2Infert5.png Graphic file (type p
ng)
 <use cap1/Amostragem/amostragemEstratificadaR2Infert5.png>
Package pdftex.def Info: cap1/Amostragem/amostragemEstratificadaR2Infert5.png u
sed on input line 178.
(pdftex.def)             Requested size: 356.53249pt x 81.9061pt.

Overfull \hbox (13.86942pt too wide) in paragraph at lines 180--186
\OT1/cmr/m/n/12 '0-5yrs' = round(length(infert[infert=='0-5yrs'])/length(infert
$education)*100) 
 []


Overfull \hbox (25.6193pt too wide) in paragraph at lines 180--186
\OT1/cmr/m/n/12 '6-11yrs' = round(length(infert[infert=='6-11yrs'])/length(infe
rt$education)*100) 
 []


Overfull \hbox (29.53592pt too wide) in paragraph at lines 180--186
\OT1/cmr/m/n/12 '12+ yrs' = round(length(infert[infert=='12+ yrs'])/length(infe
rt$education)*100) 
 []


Underfull \hbox (badness 10000) in paragraph at lines 180--186

 []

File: cap1/Amostragem/amostragemEstratificadaR2Infert5.png Graphic file (type p
ng)
<use cap1/Amostragem/amostragemEstratificadaR2Infert5.png>
Package pdftex.def Info: cap1/Amostragem/amostragemEstratificadaR2Infert5.png u
sed on input line 187.
(pdftex.def)             Requested size: 356.53249pt x 81.9061pt.
Package babel Info: Redefining portuges shorthand "|
(babel)             in language  on input line 191.
Package babel Info: Redefining portuges shorthand "|
(babel)             in language  on input line 191.
 [12 <./cap1/Amostragem/amostragemEstratificadaR2Infert5.png>]
Package babel Info: Redefining portuges shorthand "|
(babel)             in language  on input line 193.

Underfull \hbox (badness 10000) in paragraph at lines 195--203

 []


Underfull \hbox (badness 10000) in paragraph at lines 195--203

 []


Underfull \hbox (badness 10000) in paragraph at lines 195--203

 []


<cap1/Amostragem/amostragemSistematicaR1.png, id=133, 167.12437pt x 204.01219pt
>
File: cap1/Amostragem/amostragemSistematicaR1.png Graphic file (type png)
 <use cap1/Amostragem/amostragemSistematicaR1.png>
Package pdftex.def Info: cap1/Amostragem/amostragemSistematicaR1.png used on in
put line 204.
(pdftex.def)             Requested size: 133.69966pt x 163.20996pt.

Underfull \hbox (badness 10000) in paragraph at lines 206--207

 []


<cap1/Amostragem/amostragemSistematicaR2.png, id=134, 402.75468pt x 204.765pt>
File: cap1/Amostragem/amostragemSistematicaR2.png Graphic file (type png)

<use cap1/Amostragem/amostragemSistematicaR2.png>
Package pdftex.def Info: cap1/Amostragem/amostragemSistematicaR2.png used on in
put line 208.
(pdftex.def)             Requested size: 322.20418pt x 163.8122pt.
)
Package babel Info: Redefining portuges shorthand "|
(babel)             in language  on input line 27.
Package babel Info: Redefining portuges shorthand "|
(babel)             in language  on input line 27.
 [13 <./cap1/Amostragem/amostragemSistematicaR1.png> <./cap1/Amostragem/amostra
gemSistematicaR2.png>]
\openout2 = `cap2/MedidasCentralidadeVariabilidade.aux'.


(./cap2/MedidasCentralidadeVariabilidade.tex
Package babel Info: Redefining portuges shorthand "|
(babel)             in language  on input line 1.
Package babel Info: Redefining portuges shorthand "|
(babel)             in language  on input line 3.

<cap2/MedidasCentralidadeVariabilidade/Media.png, id=142, 984.67876pt x 431.361
56pt>
File: cap2/MedidasCentralidadeVariabilidade/Media.png Graphic file (type png)
 <use cap2/MedidasCentralidadeVariabilidade/Media.png>
Package pdftex.def Info: cap2/MedidasCentralidadeVariabilidade/Media.png used o
n input line 8.
(pdftex.def)             Requested size: 492.33817pt x 215.68025pt.

Overfull \hbox (102.33817pt too wide) in paragraph at lines 8--9
[][] 
 []


<cap2/MedidasCentralidadeVariabilidade/Moda.png, id=143, 897.3525pt x 260.47313
pt>
File: cap2/MedidasCentralidadeVariabilidade/Moda.png Graphic file (type png)
 <use cap2/MedidasCentralidadeVariabilidade/Moda.png>
Package pdftex.def Info: cap2/MedidasCentralidadeVariabilidade/Moda.png used on
 input line 14.
(pdftex.def)             Requested size: 448.67514pt x 130.23624pt.

Overfull \hbox (58.67514pt too wide) in paragraph at lines 14--15
[][] 
 []

Package babel Info: Redefining portuges shorthand "|
(babel)             in language  on input line 17.
Package babel Info: Redefining portuges shorthand "|
(babel)             in language  on input line 17.
[14


 <./cap2/MedidasCentralidadeVariabilidade/Media.png> <./cap2/MedidasCentralidad
eVariabilidade/Moda.png>]
<cap2/MedidasCentralidadeVariabilidade/Mediana.png, id=150, 446.41782pt x 271.7
6532pt>
File: cap2/MedidasCentralidadeVariabilidade/Mediana.png Graphic file (type png)

 <use cap2/MedidasCentralidadeVariabilidade/Mediana.png>
Package pdftex.def Info: cap2/MedidasCentralidadeVariabilidade/Mediana.png used
 on input line 22.
(pdftex.def)             Requested size: 223.20836pt x 135.88232pt.

<cap2/MedidasCentralidadeVariabilidade/DesvioPadrao1.png, id=151, 651.93562pt x
 186.6975pt>
File: cap2/MedidasCentralidadeVariabilidade/DesvioPadrao1.png Graphic file (typ
e png)
 <use cap2/MedidasCentralidadeVariabilidade/DesvioPadrao1.png>
Package pdftex.def Info: cap2/MedidasCentralidadeVariabilidade/DesvioPadrao1.pn
g used on input line 30.
(pdftex.def)             Requested size: 325.96701pt x 93.34851pt.

<cap2/MedidasCentralidadeVariabilidade/DesvioPadrao2.png, id=152, 964.35281pt x
 291.33844pt>
File: cap2/MedidasCentralidadeVariabilidade/DesvioPadrao2.png Graphic file (typ
e png)
 <use cap2/MedidasCentralidadeVariabilidade/DesvioPadrao2.png>
Package pdftex.def Info: cap2/MedidasCentralidadeVariabilidade/DesvioPadrao2.pn
g used on input line 34.
(pdftex.def)             Requested size: 482.17523pt x 145.66885pt.

Overfull \hbox (92.17523pt too wide) in paragraph at lines 34--35
[][] 
 []


<cap2/MedidasCentralidadeVariabilidade/DesvioPadrao3.png, id=153, 218.31563pt x
 113.67468pt>
File: cap2/MedidasCentralidadeVariabilidade/DesvioPadrao3.png Graphic file (typ
e png)
 <use cap2/MedidasCentralidadeVariabilidade/DesvioPadrao3.png>
Package pdftex.def Info: cap2/MedidasCentralidadeVariabilidade/DesvioPadrao3.pn
g used on input line 38.
(pdftex.def)             Requested size: 109.15753pt x 56.83719pt.
Package babel Info: Redefining portuges shorthand "|
(babel)             in language  on input line 41.
Package babel Info: Redefining portuges shorthand "|
(babel)             in language  on input line 41.

[15 <./cap2/MedidasCentralidadeVariabilidade/Mediana.png> <./cap2/MedidasCentra
lidadeVariabilidade/DesvioPadrao1.png> <./cap2/MedidasCentralidadeVariabilidade
/DesvioPadrao2.png> <./cap2/MedidasCentralidadeVariabilidade/DesvioPadrao3.png>
]
<cap2/MedidasCentralidadeVariabilidade/Amplitude.png, id=162, 950.80219pt x 363
.60844pt>
File: cap2/MedidasCentralidadeVariabilidade/Amplitude.png Graphic file (type pn
g)
 <use cap2/MedidasCentralidadeVariabilidade/Amplitude.png>
Package pdftex.def Info: cap2/MedidasCentralidadeVariabilidade/Amplitude.png us
ed on input line 45.
(pdftex.def)             Requested size: 475.39993pt x 181.80377pt.

Overfull \hbox (85.39993pt too wide) in paragraph at lines 45--46
[][] 
 []


<cap2/MedidasCentralidadeVariabilidade/Quartil.png, id=164, 324.46219pt x 152.8
2094pt>
File: cap2/MedidasCentralidadeVariabilidade/Quartil.png Graphic file (type png)

 <use cap2/MedidasCentralidadeVariabilidade/Quartil.png>
Package pdftex.def Info: cap2/MedidasCentralidadeVariabilidade/Quartil.png used
 on input line 53.
(pdftex.def)             Requested size: 162.23068pt x 76.41026pt.

<cap2/MedidasCentralidadeVariabilidade/Resumo.png, id=165, 752.8125pt x 356.833
13pt>
File: cap2/MedidasCentralidadeVariabilidade/Resumo.png Graphic file (type png)
 <use cap2/MedidasCentralidadeVariabilidade/Resumo.png>
Package pdftex.def Info: cap2/MedidasCentralidadeVariabilidade/Resumo.png used 
on input line 57.
(pdftex.def)             Requested size: 263.48831pt x 124.89346pt.
Package babel Info: Redefining portuges shorthand "|
(babel)             in language  on input line 61.
Package babel Info: Redefining portuges shorthand "|
(babel)             in language  on input line 61.
 [16 <./cap2/MedidasCentralidadeVariabilidade/Amplitude.png> <./cap2/MedidasCen
tralidadeVariabilidade/Quartil.png> <./cap2/MedidasCentralidadeVariabilidade/Re
sumo.png>]
Package babel Info: Redefining portuges shorthand "|
(babel)             in language  on input line 63.

Underfull \hbox (badness 10000) in paragraph at lines 65--84

 []


Underfull \hbox (badness 10000) in paragraph at lines 65--84

 []


Underfull \hbox (badness 10000) in paragraph at lines 65--84

 []


Underfull \hbox (badness 10000) in paragraph at lines 65--84

 []


Underfull \hbox (badness 10000) in paragraph at lines 65--84

 []


Underfull \hbox (badness 10000) in paragraph at lines 65--84

 []


Underfull \hbox (badness 10000) in paragraph at lines 65--84

 []


Underfull \hbox (badness 10000) in paragraph at lines 65--84

 []

Package babel Info: Redefining portuges shorthand "|
(babel)             in language  on input line 85.
Package babel Info: Redefining portuges shorthand "|
(babel)             in language  on input line 85.
[17]
<cap2/MedidasCentralidadeVariabilidade/MedidasCentralidadeVariabilidadeR.png, i
d=177, 581.17125pt x 204.01219pt>
File: cap2/MedidasCentralidadeVariabilidade/MedidasCentralidadeVariabilidadeR.p
ng Graphic file (type png)

<use cap2/MedidasCentralidadeVariabilidade/MedidasCentralidadeVariabilidadeR.pn
g>
Package pdftex.def Info: cap2/MedidasCentralidadeVariabilidade/MedidasCentralid
adeVariabilidadeR.png used on input line 89.
(pdftex.def)             Requested size: 523.04929pt x 183.60927pt.

Overfull \hbox (133.04929pt too wide) in paragraph at lines 89--90
[][] 
 []


<cap2/MedidasCentralidadeVariabilidade/AmostraEPopulacao.png, id=178, 491.58656
pt x 91.84312pt>
File: cap2/MedidasCentralidadeVariabilidade/AmostraEPopulacao.png Graphic file 
(type png)

<use cap2/MedidasCentralidadeVariabilidade/AmostraEPopulacao.png>
Package pdftex.def Info: cap2/MedidasCentralidadeVariabilidade/AmostraEPopulaca
o.png used on input line 93.
(pdftex.def)             Requested size: 442.42381pt x 82.65802pt.

Overfull \hbox (52.42381pt too wide) in paragraph at lines 93--94
[][] 
 []

)
Package babel Info: Redefining portuges shorthand "|
(babel)             in language  on input line 28.
Package babel Info: Redefining portuges shorthand "|
(babel)             in language  on input line 28.
 [18 <./cap2/MedidasCentralidadeVariabilidade/MedidasCentralidadeVariabilidadeR
.png> <./cap2/MedidasCentralidadeVariabilidade/AmostraEPopulacao.png>]
Package atveryend Info: Empty hook `BeforeClearDocument' on input line 32.
Package atveryend Info: Empty hook `AfterLastShipout' on input line 32.

(./Main.aux (./cap1/Amostragem.aux)
(./cap2/MedidasCentralidadeVariabilidade.aux))
Package atveryend Info: Executing hook `AtVeryEndDocument' on input line 32.
Package atveryend Info: Executing hook `AtEndAfterFileList' on input line 32.
Package rerunfilecheck Info: File `Main.out' has not changed.
(rerunfilecheck)             Checksum: 09FFB3A7D519899EDFDA834C564F62A9;674.
Package atveryend Info: Empty hook `AtVeryVeryEnd' on input line 32.
 ) 
Here is how much of TeX's memory you used:
 6208 strings out of 493013
 93799 string characters out of 6135682
 276460 words of memory out of 5000000
 9628 multiletter control sequences out of 15000+600000
 7076 words of font info for 25 fonts, out of 8000000 for 9000
 1141 hyphenation exceptions out of 8191
 28i,6n,34p,462b,336s stack positions out of 5000i,500n,10000p,200000b,80000s
</usr/share/texlive/texmf-dist/fonts/type1/public/amsfonts/cm/cmbx12.pfb></us
r/share/texlive/texmf-dist/fonts/type1/public/amsfonts/cm/cmbxti10.pfb></usr/sh
are/texlive/texmf-dist/fonts/type1/public/amsfonts/cm/cmr12.pfb></usr/share/tex
live/texmf-dist/fonts/type1/public/amsfonts/cm/cmr17.pfb></usr/share/texlive/te
xmf-dist/fonts/type1/public/amsfonts/cm/cmti12.pfb>
Output written on Main.pdf (18 pages, 1145323 bytes).
PDF statistics:
 212 PDF objects out of 1000 (max. 8388607)
 128 compressed objects within 2 object streams
 29 named destinations out of 1000 (max. 500000)
 226 words of extra memory for PDF output out of 10000 (max. 10000000)

